<?xml version="1.0" encoding="UTF-8"?>
<testsuite xmlns:xsi="http://www.w3.org/2001/XMLSchema-instance" xsi:noNamespaceSchemaLocation="https://maven.apache.org/surefire/maven-surefire-plugin/xsd/surefire-test-report-3.0.xsd" version="3.0" name="com.quizapp.quizApp.QuizAppApplicationTests" time="22.37" tests="1" errors="0" skipped="0" failures="0">
  <properties>
[...]
</properties>
  <testcase name="contextLoads" classname="com.quizapp.quizApp.QuizAppApplicationTests" time="1.232">
    <system-out><![CDATA[15:53:35.956 [main] INFO org.springframework.test.context.support.AnnotationConfigContextLoaderUtils -- Could not detect default configuration classes for test class [com.quizapp.quizApp.QuizAppApplicationTests]: QuizAppApplicationTests does not declare any static, non-private, non-final, nested classes annotated with @Configuration.
15:53:36.158 [main] INFO org.springframework.boot.test.context.SpringBootTestContextBootstrapper -- Found @SpringBootConfiguration com.quizapp.quizApp.QuizAppApplication for test class com.quizapp.quizApp.QuizAppApplicationTests
15:53:36.604 [main] INFO org.springframework.boot.devtools.restart.RestartApplicationListener -- Restart disabled due to context in which it is running

  .   ____          _            __ _ _
 /\\ / ___'_ __ _ _(_)_ __  __ _ \ \ \ \
( ( )\___ | '_ | '_| | '_ \/ _` | \ \ \ \
 \\/  ___)| |_)| | | | | || (_| |  ) ) ) )
  '  |____| .__|_| |_|_| |_\__, | / / / /
 =========|_|==============|___/=/_/_/_/

 :: Spring Boot ::                (v3.3.4)

2024-11-25T15:53:37.143+01:00  INFO 39752 --- [quizApp] [           main] c.q.quizApp.QuizAppApplicationTests      : Starting QuizAppApplicationTests using Java 17.0.10 with PID 39752 (started by 33667 in C:\Users\33667\Documents\AI13\Projet\GIT\ai13-projet-questionnaire)
2024-11-25T15:53:37.143+01:00  INFO 39752 --- [quizApp] [           main] c.q.quizApp.QuizAppApplicationTests      : No active profile set, falling back to 1 default profile: "default"
2024-11-25T15:53:38.633+01:00  INFO 39752 --- [quizApp] [           main] .s.d.r.c.RepositoryConfigurationDelegate : Bootstrapping Spring Data JPA repositories in DEFAULT mode.
2024-11-25T15:53:38.770+01:00  INFO 39752 --- [quizApp] [           main] .s.d.r.c.RepositoryConfigurationDelegate : Finished Spring Data repository scanning in 116 ms. Found 3 JPA repository interfaces.
2024-11-25T15:53:39.996+01:00  INFO 39752 --- [quizApp] [           main] o.hibernate.jpa.internal.util.LogHelper  : HHH000204: Processing PersistenceUnitInfo [name: default]
2024-11-25T15:53:40.247+01:00  INFO 39752 --- [quizApp] [           main] org.hibernate.Version                    : HHH000412: Hibernate ORM core version 6.5.3.Final
2024-11-25T15:53:40.378+01:00  INFO 39752 --- [quizApp] [           main] o.h.c.internal.RegionFactoryInitiator    : HHH000026: Second-level cache disabled
2024-11-25T15:53:42.993+01:00  INFO 39752 --- [quizApp] [           main] o.s.o.j.p.SpringPersistenceUnitInfo      : No LoadTimeWeaver setup: ignoring JPA class transformer
2024-11-25T15:53:43.051+01:00  INFO 39752 --- [quizApp] [           main] com.zaxxer.hikari.HikariDataSource       : HikariPool-1 - Starting...
2024-11-25T15:53:43.685+01:00  INFO 39752 --- [quizApp] [           main] com.zaxxer.hikari.pool.HikariPool        : HikariPool-1 - Added connection com.mysql.cj.jdbc.ConnectionImpl@4c5f7b4f
2024-11-25T15:53:43.691+01:00  INFO 39752 --- [quizApp] [           main] com.zaxxer.hikari.HikariDataSource       : HikariPool-1 - Start completed.
2024-11-25T15:53:43.839+01:00  WARN 39752 --- [quizApp] [           main] org.hibernate.dialect.Dialect            : HHH000511: The 5.7.24 version for [org.hibernate.dialect.MySQLDialect] is no longer supported, hence certain features may not work properly. The minimum supported version is 8.0.0. Check the community dialects project for available legacy versions.
2024-11-25T15:53:47.755+01:00  INFO 39752 --- [quizApp] [           main] o.h.e.t.j.p.i.JtaPlatformInitiator       : HHH000489: No JTA platform available (set 'hibernate.transaction.jta.platform' to enable JTA platform integration)
Hibernate: alter table answer drop foreign key FK8frr4bcabmmeyyu60qt7iiblo
Hibernate: alter table question drop foreign key FK9r5b7vwde9muv0m0ts6ai0kw8
Hibernate: alter table question drop foreign key FKb0yh0c1qaxfwlcnwo9dms2txf
Hibernate: alter table quiz drop foreign key FK6revyk1b6ggedmj6sreesug3p
Hibernate: alter table quiz drop foreign key FKf1tt9nj0h0p0n2ou0t3jtrl5j
Hibernate: alter table record drop foreign key FKij0ah91kb1798avp8w1ir7wlq
Hibernate: alter table record drop foreign key FK5uqoylduwhimexe98tie0sjhh
Hibernate: alter table record drop foreign key FKs5s2jh3uqxs92b0b9jnknqolh
Hibernate: alter table record_answer drop foreign key FKcg9rmuk9c1brqga1my6d3wtcs
Hibernate: alter table user drop foreign key FKdmyn33mfb0rxhxy6uhni98cb
Hibernate: alter table user_quiz drop foreign key FKamnut7xcu11shpwa926626y87
Hibernate: alter table user_quiz drop foreign key FK8ty6eqmhprd2lnyp5nrh6p2de
Hibernate: drop table if exists answer
Hibernate: drop table if exists question
Hibernate: drop table if exists quiz
Hibernate: drop table if exists ranking
Hibernate: drop table if exists record
Hibernate: drop table if exists record_answer
Hibernate: drop table if exists theme
Hibernate: drop table if exists user
Hibernate: drop table if exists user_quiz
Hibernate: create table answer (correct bit not null, id integer not null auto_increment, is_active bit not null, points integer not null, question_id integer not null, label varchar(255), primary key (id)) engine=InnoDB
Hibernate: create table question (correct_answer_id integer not null, id integer not null auto_increment, is_active bit not null, position integer not null, quiz_id integer not null, label varchar(60) not null, primary key (id)) engine=InnoDB
Hibernate: create table quiz (id integer not null auto_increment, id_creator integer, id_theme integer, is_active bit not null, creation_date datetime(6) not null, title varchar(255) not null, primary key (id)) engine=InnoDB
Hibernate: create table ranking (best_score integer not null, duration_of_best_score integer not null, id integer not null auto_increment, nb_respondents integer not null, score_rank integer not null, primary key (id)) engine=InnoDB
Hibernate: create table record (duration integer not null, id integer not null auto_increment, id_quiz integer not null, id_ranking integer not null, id_trainee integer not null, score integer not null, context_id varchar(36), primary key (id)) engine=InnoDB
Hibernate: create table record_answer (answer_id integer not null, id integer not null auto_increment, record_id integer not null, primary key (id)) engine=InnoDB
Hibernate: create table theme (id integer not null auto_increment, label varchar(255) not null, primary key (id)) engine=InnoDB
Hibernate: create table user (id integer not null auto_increment, id_manager integer, is_active bit not null, creation_date datetime(6) not null, phone varchar(13), password varchar(56) not null, firstname varchar(60) not null, lastname varchar(60) not null, company varchar(90), email varchar(90) not null, role enum ('ADMIN','TRAINEE') not null, primary key (id)) engine=InnoDB
Hibernate: create table user_quiz (quiz_id integer not null, user_id integer not null, primary key (quiz_id, user_id)) engine=InnoDB
Hibernate: alter table question add constraint UKhqo9tw4adb2cmwrc1t9q5udnh unique (correct_answer_id)
Hibernate: alter table user add constraint UKob8kqyqqgmefl0aco34akdtpe unique (email)
Hibernate: alter table answer add constraint FK8frr4bcabmmeyyu60qt7iiblo foreign key (question_id) references question (id)
Hibernate: alter table question add constraint FK9r5b7vwde9muv0m0ts6ai0kw8 foreign key (correct_answer_id) references answer (id)
Hibernate: alter table question add constraint FKb0yh0c1qaxfwlcnwo9dms2txf foreign key (quiz_id) references quiz (id)
Hibernate: alter table quiz add constraint FK6revyk1b6ggedmj6sreesug3p foreign key (id_creator) references user (id)
Hibernate: alter table quiz add constraint FKf1tt9nj0h0p0n2ou0t3jtrl5j foreign key (id_theme) references theme (id)
Hibernate: alter table record add constraint FKij0ah91kb1798avp8w1ir7wlq foreign key (id_quiz) references quiz (id)
Hibernate: alter table record add constraint FK5uqoylduwhimexe98tie0sjhh foreign key (id_ranking) references ranking (id)
Hibernate: alter table record add constraint FKs5s2jh3uqxs92b0b9jnknqolh foreign key (id_trainee) references user (id)
Hibernate: alter table record_answer add constraint FKcg9rmuk9c1brqga1my6d3wtcs foreign key (record_id) references record (id)
Hibernate: alter table user add constraint FKdmyn33mfb0rxhxy6uhni98cb foreign key (id_manager) references user (id)
Hibernate: alter table user_quiz add constraint FKamnut7xcu11shpwa926626y87 foreign key (quiz_id) references quiz (id)
Hibernate: alter table user_quiz add constraint FK8ty6eqmhprd2lnyp5nrh6p2de foreign key (user_id) references user (id)
2024-11-25T15:53:52.792+01:00  INFO 39752 --- [quizApp] [           main] j.LocalContainerEntityManagerFactoryBean : Initialized JPA EntityManagerFactory for persistence unit 'default'
2024-11-25T15:53:54.924+01:00  WARN 39752 --- [quizApp] [           main] JpaBaseConfiguration$JpaWebConfiguration : spring.jpa.open-in-view is enabled by default. Therefore, database queries may be performed during view rendering. Explicitly configure spring.jpa.open-in-view to disable this warning
2024-11-25T15:53:56.672+01:00  INFO 39752 --- [quizApp] [           main] c.q.quizApp.QuizAppApplicationTests      : Started QuizAppApplicationTests in 20.093 seconds (process running for 22.131)
]]></system-out>
  </testcase>
</testsuite>